<?xml version="1.0" encoding="UTF-8"?>
<!-- Generated by org.testng.reporters.JUnitReportReporter -->
<testsuite hostname="Erohsik" failures="0" tests="1" name="inventorytest.Purchase_a_product_test" time="1.488" errors="0" timestamp="2025-05-08T17:50:49 IST" skipped="0">
  <testcase classname="inventorytest.Purchase_a_product_test" name="TC_02_Purchaseaproduct" time="1.488"/>
</testsuite> <!-- inventorytest.Purchase_a_product_test -->
