<?xml version="1.0" encoding="UTF-8"?>
<!-- Generated by org.testng.reporters.JUnitReportReporter -->
<testsuite hostname="Erohsik" failures="0" tests="2" name="Practice_01.Assertion_practice" time="0.014" errors="0" timestamp="2025-05-08T17:50:49 IST" skipped="0">
  <testcase classname="Practice_01.Assertion_practice" name="softassert" time="0.004"/>
  <testcase classname="Practice_01.Assertion_practice" name="hardassert" time="0.010"/>
</testsuite> <!-- Practice_01.Assertion_practice -->
