<?xml version="1.0" encoding="UTF-8"?>
<!-- Generated by org.testng.reporters.JUnitReportReporter -->
<testsuite hostname="Erohsik" failures="0" tests="6" name="Practice_01.Testng_practise" time="0.024" errors="0" timestamp="2025-05-08T16:39:11 IST" skipped="1">
  <testcase classname="Practice_01.Testng_practise" name="sample3" time="0.018"/>
  <testcase classname="Practice_01.Testng_practise" name="sample2" time="0.001"/>
  <testcase classname="Practice_01.Testng_practise" name="sample3" time="0.002"/>
  <testcase classname="Practice_01.Testng_practise" name="sample" time="0.002"/>
  <testcase classname="Practice_01.Testng_practise" name="sample" time="0.001"/>
  <testcase classname="Practice_01.Testng_practise" name="sample1">
    <skipped/>
  </testcase> <!-- sample1 -->
</testsuite> <!-- Practice_01.Testng_practise -->
